0 silly argv {
0 silly argv   _: [ 'version' ],
0 silly argv   lernaVersion: '4.0.0',
0 silly argv   '$0': 'C:\\Users\\95672\\AppData\\Roaming\\npm\\node_modules\\lerna\\cli.js'
0 silly argv }
1 notice cli v4.0.0
2 verbose rootPath D:\webDev\imooc-cli-dev
3 info current version 0.0.0
4 silly isAnythingCommitted
5 verbose isAnythingCommitted 1
6 silly getCurrentBranch
7 verbose currentBranch master
8 silly remoteBranchExists
9 silly isBehindUpstream
10 silly isBehindUpstream master is behind origin/master by 0 commit(s) and ahead by 0
11 silly hasTags
12 verbose hasTags false
13 info Assuming all packages changed
14 verbose updated @imooc-cli-wawaki-dev/core
15 verbose updated @imooc-cli-wawaki-dev/utils
16 verbose git-describe undefined => "0784456"
17 silly git-describe parsed => {"refCount":"1","sha":"0784456","isDirty":false}
18 info execute Skipping releases
19 silly lifecycle No script for "preversion" in "imooc-cli-wawaki-dev", continuing
20 silly lifecycle No script for "preversion" in "@imooc-cli-wawaki-dev/utils", continuing
21 silly lifecycle No script for "version" in "@imooc-cli-wawaki-dev/utils", continuing
22 silly lifecycle No script for "preversion" in "@imooc-cli-wawaki-dev/core", continuing
23 silly lifecycle No script for "version" in "@imooc-cli-wawaki-dev/core", continuing
24 silly lifecycle No script for "version" in "imooc-cli-wawaki-dev", continuing
25 silly gitAdd [
25 silly gitAdd   'packages/utils/package.json',
25 silly gitAdd   'packages/utils/package-lock.json',
25 silly gitAdd   'packages/core/package.json',
25 silly gitAdd   'packages/core/package-lock.json',
25 silly gitAdd   'lerna.json'
25 silly gitAdd ]
26 error Error: Command failed with exit code 1: git add -- packages/utils/package.json packages/utils/package-lock.json packages/core/package.json packages/core/package-lock.json lerna.json
26 error warning: LF will be replaced by CRLF in lerna.json.
26 error The file will have its original line endings in your working directory
26 error warning: LF will be replaced by CRLF in packages/core/package.json.
26 error The file will have its original line endings in your working directory
26 error warning: LF will be replaced by CRLF in packages/utils/package.json.
26 error The file will have its original line endings in your working directory
26 error The following paths are ignored by one of your .gitignore files:
26 error packages/core/package-lock.json
26 error packages/utils/package-lock.json
26 error hint: Use -f if you really want to add them.
26 error hint: Turn this message off by running
26 error hint: "git config advice.addIgnoredFile false"
26 error     at makeError (C:\Users\95672\AppData\Roaming\npm\node_modules\lerna\node_modules\execa\lib\error.js:59:11)
26 error     at handlePromise (C:\Users\95672\AppData\Roaming\npm\node_modules\lerna\node_modules\execa\index.js:114:26)
26 error     at processTicksAndRejections (internal/process/task_queues.js:93:5)
26 error     at async Promise.all (index 0)
